[16:22:59] [main/INFO]: Extra: []
[16:22:59] [main/INFO]: Running with arguments: [--userProperties, {}, --assetsDir, C:/Users/panch/.gradle/caches/minecraft/assets, --assetIndex, 1.7.10, --accessToken, {REDACTED}, --version, 1.7.10, --tweakClass, cpw.mods.fml.common.launcher.FMLTweaker, --tweakClass, net.minecraftforge.gradle.tweakers.CoremodTweaker]
[16:23:00] [main/INFO]: Loading tweak class name cpw.mods.fml.common.launcher.FMLTweaker
[16:23:00] [main/INFO]: Using primary tweak class name cpw.mods.fml.common.launcher.FMLTweaker
[16:23:00] [main/INFO]: Loading tweak class name net.minecraftforge.gradle.tweakers.CoremodTweaker
[16:23:00] [main/INFO]: Calling tweak class cpw.mods.fml.common.launcher.FMLTweaker
[16:23:00] [main/INFO]: Forge Mod Loader version 7.99.40.1614 for Minecraft 1.7.10 loading
[16:23:00] [main/INFO]: Java is Java HotSpot(TM) 64-Bit Server VM, version 1.8.0_261, running on Windows 10:amd64:10.0, installed at C:\Program Files\Java\jdk1.8.0_261\jre
[16:23:00] [main/INFO]: Managed to load a deobfuscated Minecraft name- we are in a deobfuscated environment. Skipping runtime deobfuscation
[16:23:00] [main/INFO]: Calling tweak class net.minecraftforge.gradle.tweakers.CoremodTweaker
[16:23:00] [main/INFO]: Injecting location in coremod cpw.mods.fml.relauncher.FMLCorePlugin
[16:23:00] [main/INFO]: Injecting location in coremod net.minecraftforge.classloading.FMLForgePlugin
[16:23:00] [main/INFO]: Loading tweak class name cpw.mods.fml.common.launcher.FMLInjectionAndSortingTweaker
[16:23:00] [main/INFO]: Loading tweak class name cpw.mods.fml.common.launcher.FMLDeobfTweaker
[16:23:00] [main/INFO]: Loading tweak class name net.minecraftforge.gradle.tweakers.AccessTransformerTweaker
[16:23:00] [main/INFO]: Calling tweak class cpw.mods.fml.common.launcher.FMLInjectionAndSortingTweaker
[16:23:00] [main/INFO]: Calling tweak class cpw.mods.fml.common.launcher.FMLInjectionAndSortingTweaker
[16:23:00] [main/INFO]: Calling tweak class cpw.mods.fml.relauncher.CoreModManager$FMLPluginWrapper
[16:23:00] [main/ERROR]: The binary patch set is missing. Either you are in a development environment, or things are not going to work!
[16:23:02] [main/ERROR]: FML appears to be missing any signature data. This is not a good thing
[16:23:02] [main/INFO]: Calling tweak class cpw.mods.fml.relauncher.CoreModManager$FMLPluginWrapper
[16:23:02] [main/INFO]: Calling tweak class cpw.mods.fml.common.launcher.FMLDeobfTweaker
[16:23:03] [main/INFO]: Calling tweak class net.minecraftforge.gradle.tweakers.AccessTransformerTweaker
[16:23:03] [main/INFO]: Loading tweak class name cpw.mods.fml.common.launcher.TerminalTweaker
[16:23:03] [main/INFO]: Calling tweak class cpw.mods.fml.common.launcher.TerminalTweaker
[16:23:03] [main/INFO]: Launching wrapped minecraft {net.minecraft.client.main.Main}
[16:23:04] [main/INFO]: Setting user: Player662
[16:23:06] [Client thread/INFO]: LWJGL Version: 2.9.1
[16:23:07] [Client thread/INFO]: [net.minecraft.client.Minecraft:displayCrashReport:349]: ---- Minecraft Crash Report ----
// Surprise! Haha. Well, this is awkward.

Time: 23/10/20 16:23
Description: Initializing game

java.lang.NoClassDefFoundError: ahb
	at java.lang.Class.getDeclaredFields0(Native Method)
	at java.lang.Class.privateGetDeclaredFields(Class.java:2583)
	at java.lang.Class.getField0(Class.java:2975)
	at java.lang.Class.getField(Class.java:1701)
	at cpw.mods.fml.client.FMLClientHandler.detectOptifine(FMLClientHandler.java:277)
	at cpw.mods.fml.client.FMLClientHandler.beginMinecraftLoading(FMLClientHandler.java:192)
	at net.minecraft.client.Minecraft.startGame(Minecraft.java:480)
	at net.minecraft.client.Minecraft.run(Minecraft.java:878)
	at net.minecraft.client.main.Main.main(SourceFile:148)
	at sun.reflect.NativeMethodAccessorImpl.invoke0(Native Method)
	at sun.reflect.NativeMethodAccessorImpl.invoke(NativeMethodAccessorImpl.java:62)
	at sun.reflect.DelegatingMethodAccessorImpl.invoke(DelegatingMethodAccessorImpl.java:43)
	at java.lang.reflect.Method.invoke(Method.java:498)
	at net.minecraft.launchwrapper.Launch.launch(Launch.java:135)
	at net.minecraft.launchwrapper.Launch.main(Launch.java:28)
	at net.minecraftforge.gradle.GradleStartCommon.launch(Unknown Source)
	at GradleStart.main(Unknown Source)
Caused by: java.lang.ClassNotFoundException: ahb
	at net.minecraft.launchwrapper.LaunchClassLoader.findClass(LaunchClassLoader.java:191)
	at java.lang.ClassLoader.loadClass(ClassLoader.java:418)
	at java.lang.ClassLoader.loadClass(ClassLoader.java:351)
	... 17 more
Caused by: java.lang.NullPointerException
	at net.minecraft.launchwrapper.LaunchClassLoader.findClass(LaunchClassLoader.java:182)
	... 19 more


A detailed walkthrough of the error, its code path and all known details is as follows:
---------------------------------------------------------------------------------------

-- Head --
Stacktrace:
	at java.lang.Class.getDeclaredFields0(Native Method)
	at java.lang.Class.privateGetDeclaredFields(Class.java:2583)
	at java.lang.Class.getField0(Class.java:2975)
	at java.lang.Class.getField(Class.java:1701)
	at cpw.mods.fml.client.FMLClientHandler.detectOptifine(FMLClientHandler.java:277)
	at cpw.mods.fml.client.FMLClientHandler.beginMinecraftLoading(FMLClientHandler.java:192)
	at net.minecraft.client.Minecraft.startGame(Minecraft.java:480)

-- Initialization --
Details:
Stacktrace:
	at net.minecraft.client.Minecraft.run(Minecraft.java:878)
	at net.minecraft.client.main.Main.main(SourceFile:148)
	at sun.reflect.NativeMethodAccessorImpl.invoke0(Native Method)
	at sun.reflect.NativeMethodAccessorImpl.invoke(NativeMethodAccessorImpl.java:62)
	at sun.reflect.DelegatingMethodAccessorImpl.invoke(DelegatingMethodAccessorImpl.java:43)
	at java.lang.reflect.Method.invoke(Method.java:498)
	at net.minecraft.launchwrapper.Launch.launch(Launch.java:135)
	at net.minecraft.launchwrapper.Launch.main(Launch.java:28)
	at net.minecraftforge.gradle.GradleStartCommon.launch(Unknown Source)
	at GradleStart.main(Unknown Source)

-- System Details --
Details:
	Minecraft Version: 1.7.10
	Operating System: Windows 10 (amd64) version 10.0
	Java Version: 1.8.0_261, Oracle Corporation
	Java VM Version: Java HotSpot(TM) 64-Bit Server VM (mixed mode), Oracle Corporation
	Memory: 238259000 bytes (227 MB) / 397934592 bytes (379 MB) up to 3808428032 bytes (3632 MB)
	JVM Flags: 0 total; 
	AABB Pool Size: 0 (0 bytes; 0 MB) allocated, 0 (0 bytes; 0 MB) used
	IntCache: cache: 0, tcache: 0, allocated: 0, tallocated: 0
	FML: 
	Launched Version: 1.7.10
	LWJGL: 2.9.1
	OpenGL: GeForce GTX 750 Ti/PCIe/SSE2 GL version 4.6.0 NVIDIA 441.12, NVIDIA Corporation
	GL Caps: Using GL 1.3 multitexturing.
Using framebuffer objects because OpenGL 3.0 is supported and separate blending is supported.
Anisotropic filtering is supported and maximum anisotropy is 16.
Shaders are available because OpenGL 2.1 is supported.

	Is Modded: Definitely; Client brand changed to 'fml,forge'
	Type: Client (map_client.txt)
	Resource Packs: []
	Current Language: ~~ERROR~~ NullPointerException: null
	Profiler Position: N/A (disabled)
	Vec3 Pool Size: 0 (0 bytes; 0 MB) allocated, 0 (0 bytes; 0 MB) used
	Anisotropic Filtering: Off (1)
[16:23:07] [Client thread/INFO]: [net.minecraft.client.Minecraft:displayCrashReport:359]: #@!@# Game crashed! Crash report saved to: #@!@# C:\Users\panch\Desktop\Plugins descompilados\GalaxyItems\eclipse\.\crash-reports\crash-2020-10-23_16.23.07-client.txt
